Flow report for processor
Mon Nov 06 17:38:11 2023
Quartus Prime Version 18.0.0 Build 614 04/24/2018 SJ Lite Edition


---------------------
; Table of Contents ;
---------------------
  1. Legal Notice
  2. Flow Summary
  3. Flow Settings
  4. Flow Non-Default Global Settings
  5. Flow Elapsed Time
  6. Flow OS Summary
  7. Flow Log
  8. Flow Messages
  9. Flow Suppressed Messages



----------------
; Legal Notice ;
----------------
Copyright (C) 2018  Intel Corporation. All rights reserved.
Your use of Intel Corporation's design tools, logic functions 
and other software and tools, and its AMPP partner logic 
functions, and any output files from any of the foregoing 
(including device programming or simulation files), and any 
associated documentation or information are expressly subject 
to the terms and conditions of the Intel Program License 
Subscription Agreement, the Intel Quartus Prime License Agreement,
the Intel FPGA IP License Agreement, or other applicable license
agreement, including, without limitation, that your use is for
the sole purpose of programming logic devices manufactured by
Intel and sold by Intel or its authorized distributors.  Please
refer to the applicable agreement for further details.



+----------------------------------------------------------------------------------+
; Flow Summary                                                                     ;
+------------------------------------+---------------------------------------------+
; Flow Status                        ; Successful - Mon Nov 06 17:38:11 2023       ;
; Quartus Prime Version              ; 18.0.0 Build 614 04/24/2018 SJ Lite Edition ;
; Revision Name                      ; processor                                   ;
; Top-level Entity Name              ; skeleton_test                               ;
; Family                             ; Cyclone IV E                                ;
; Device                             ; EP4CE115F29C7                               ;
; Timing Models                      ; Final                                       ;
; Total logic elements               ; 1,467 / 114,480 ( 1 % )                     ;
;     Total combinational functions  ; 1,461 / 114,480 ( 1 % )                     ;
;     Dedicated logic registers      ; 1,004 / 114,480 ( < 1 % )                   ;
; Total registers                    ; 1004                                        ;
; Total pins                         ; 269 / 529 ( 51 % )                          ;
; Total virtual pins                 ; 0                                           ;
; Total memory bits                  ; 131,072 / 3,981,312 ( 3 % )                 ;
; Embedded Multiplier 9-bit elements ; 0 / 532 ( 0 % )                             ;
; Total PLLs                         ; 0 / 4 ( 0 % )                               ;
+------------------------------------+---------------------------------------------+


+-----------------------------------------+
; Flow Settings                           ;
+-------------------+---------------------+
; Option            ; Setting             ;
+-------------------+---------------------+
; Start date & time ; 11/06/2023 17:37:02 ;
; Main task         ; Compilation         ;
; Revision Name     ; processor           ;
+-------------------+---------------------+


+----------------------------------------------------------------------------------------------------------------------------------+
; Flow Non-Default Global Settings                                                                                                 ;
+--------------------------------------+----------------------------------------+---------------+---------------+------------------+
; Assignment Name                      ; Value                                  ; Default Value ; Entity Name   ; Section Id       ;
+--------------------------------------+----------------------------------------+---------------+---------------+------------------+
; COMPILER_SIGNATURE_ID                ; 121380277911.169926342106612           ; --            ; --            ; --               ;
; EDA_DESIGN_INSTANCE_NAME             ; NA                                     ; --            ; --            ; skeleton_test_tb ;
; EDA_NATIVELINK_SIMULATION_TEST_BENCH ; skeleton_test_tb                       ; --            ; --            ; eda_simulation   ;
; EDA_NETLIST_WRITER_OUTPUT_DIR        ; simulation/modelsim                    ; --            ; --            ; eda_simulation   ;
; EDA_OUTPUT_DATA_FORMAT               ; Verilog Hdl                            ; --            ; --            ; eda_simulation   ;
; EDA_SIMULATION_TOOL                  ; ModelSim-Altera (Verilog)              ; <None>        ; --            ; --               ;
; EDA_TEST_BENCH_ENABLE_STATUS         ; TEST_BENCH_MODE                        ; --            ; --            ; eda_simulation   ;
; EDA_TEST_BENCH_FILE                  ; skeleton_test_tb.v                     ; --            ; --            ; skeleton_test_tb ;
; EDA_TEST_BENCH_MODULE_NAME           ; skeleton_test_tb                       ; --            ; --            ; skeleton_test_tb ;
; EDA_TEST_BENCH_NAME                  ; skeleton_test_tb                       ; --            ; --            ; eda_simulation   ;
; EDA_TIME_SCALE                       ; 1 ps                                   ; --            ; --            ; eda_simulation   ;
; MAX_CORE_JUNCTION_TEMP               ; 85                                     ; --            ; --            ; --               ;
; MIN_CORE_JUNCTION_TEMP               ; 0                                      ; --            ; --            ; --               ;
; NOMINAL_CORE_SUPPLY_VOLTAGE          ; 1.2V                                   ; --            ; --            ; --               ;
; PARTITION_COLOR                      ; -- (Not supported for targeted family) ; --            ; skeleton_test ; Top              ;
; PARTITION_FITTER_PRESERVATION_LEVEL  ; -- (Not supported for targeted family) ; --            ; skeleton_test ; Top              ;
; PARTITION_NETLIST_TYPE               ; -- (Not supported for targeted family) ; --            ; skeleton_test ; Top              ;
; POWER_BOARD_THERMAL_MODEL            ; None (CONSERVATIVE)                    ; --            ; --            ; --               ;
; POWER_PRESET_COOLING_SOLUTION        ; 23 MM HEAT SINK WITH 200 LFPM AIRFLOW  ; --            ; --            ; --               ;
; PROJECT_OUTPUT_DIRECTORY             ; output_files                           ; --            ; --            ; --               ;
; TOP_LEVEL_ENTITY                     ; skeleton_test                          ; processor     ; --            ; --               ;
+--------------------------------------+----------------------------------------+---------------+---------------+------------------+


+--------------------------------------------------------------------------------------------------------------------------+
; Flow Elapsed Time                                                                                                        ;
+----------------------+--------------+-------------------------+---------------------+------------------------------------+
; Module Name          ; Elapsed Time ; Average Processors Used ; Peak Virtual Memory ; Total CPU Time (on all processors) ;
+----------------------+--------------+-------------------------+---------------------+------------------------------------+
; Analysis & Synthesis ; 00:00:15     ; 1.0                     ; 4813 MB             ; 00:00:25                           ;
; Fitter               ; 00:00:38     ; 1.0                     ; 5926 MB             ; 00:01:00                           ;
; Assembler            ; 00:00:04     ; 1.0                     ; 4690 MB             ; 00:00:03                           ;
; Timing Analyzer      ; 00:00:03     ; 1.1                     ; 4892 MB             ; 00:00:03                           ;
; EDA Netlist Writer   ; 00:00:04     ; 1.0                     ; 4681 MB             ; 00:00:03                           ;
; Total                ; 00:01:04     ; --                      ; --                  ; 00:01:34                           ;
+----------------------+--------------+-------------------------+---------------------+------------------------------------+


+------------------------------------------------------------------------------------+
; Flow OS Summary                                                                    ;
+----------------------+------------------+------------+------------+----------------+
; Module Name          ; Machine Hostname ; OS Name    ; OS Version ; Processor type ;
+----------------------+------------------+------------+------------+----------------+
; Analysis & Synthesis ; BD37             ; Windows 10 ; 10.0       ; x86_64         ;
; Fitter               ; BD37             ; Windows 10 ; 10.0       ; x86_64         ;
; Assembler            ; BD37             ; Windows 10 ; 10.0       ; x86_64         ;
; Timing Analyzer      ; BD37             ; Windows 10 ; 10.0       ; x86_64         ;
; EDA Netlist Writer   ; BD37             ; Windows 10 ; 10.0       ; x86_64         ;
+----------------------+------------------+------------+------------+----------------+


------------
; Flow Log ;
------------
quartus_map --read_settings_files=on --write_settings_files=off processor -c processor
quartus_fit --read_settings_files=off --write_settings_files=off processor -c processor
quartus_asm --read_settings_files=off --write_settings_files=off processor -c processor
quartus_sta processor -c processor
quartus_eda --read_settings_files=off --write_settings_files=off processor -c processor



