Analysis & Synthesis report for skeleton
Fri Oct 20 11:14:39 2023
Quartus Prime Version 18.0.0 Build 614 04/24/2018 SJ Lite Edition


---------------------
; Table of Contents ;
---------------------
  1. Legal Notice
  2. Analysis & Synthesis Summary
  3. Analysis & Synthesis Settings
  4. Parallel Compilation
  5. Analysis & Synthesis IP Cores Summary
  6. Analysis & Synthesis Messages



----------------
; Legal Notice ;
----------------
Copyright (C) 2018  Intel Corporation. All rights reserved.
Your use of Intel Corporation's design tools, logic functions 
and other software and tools, and its AMPP partner logic 
functions, and any output files from any of the foregoing 
(including device programming or simulation files), and any 
associated documentation or information are expressly subject 
to the terms and conditions of the Intel Program License 
Subscription Agreement, the Intel Quartus Prime License Agreement,
the Intel FPGA IP License Agreement, or other applicable license
agreement, including, without limitation, that your use is for
the sole purpose of programming logic devices manufactured by
Intel and sold by Intel or its authorized distributors.  Please
refer to the applicable agreement for further details.



+----------------------------------------------------------------------------------+
; Analysis & Synthesis Summary                                                     ;
+------------------------------------+---------------------------------------------+
; Analysis & Synthesis Status        ; Failed - Fri Oct 20 11:14:39 2023           ;
; Quartus Prime Version              ; 18.0.0 Build 614 04/24/2018 SJ Lite Edition ;
; Revision Name                      ; skeleton                                    ;
; Top-level Entity Name              ; skeleton                                    ;
; Family                             ; Cyclone IV E                                ;
; Total logic elements               ; N/A until Partition Merge                   ;
;     Total combinational functions  ; N/A until Partition Merge                   ;
;     Dedicated logic registers      ; N/A until Partition Merge                   ;
; Total registers                    ; N/A until Partition Merge                   ;
; Total pins                         ; N/A until Partition Merge                   ;
; Total virtual pins                 ; N/A until Partition Merge                   ;
; Total memory bits                  ; N/A until Partition Merge                   ;
; Embedded Multiplier 9-bit elements ; N/A until Partition Merge                   ;
; Total PLLs                         ; N/A until Partition Merge                   ;
+------------------------------------+---------------------------------------------+


+------------------------------------------------------------------------------------------------------------+
; Analysis & Synthesis Settings                                                                              ;
+------------------------------------------------------------------+--------------------+--------------------+
; Option                                                           ; Setting            ; Default Value      ;
+------------------------------------------------------------------+--------------------+--------------------+
; Device                                                           ; EP4CE115F29C7      ;                    ;
; Top-level entity name                                            ; skeleton           ; skeleton           ;
; Family name                                                      ; Cyclone IV E       ; Cyclone V          ;
; Use smart compilation                                            ; Off                ; Off                ;
; Enable parallel Assembler and Timing Analyzer during compilation ; On                 ; On                 ;
; Enable compact report table                                      ; Off                ; Off                ;
; Restructure Multiplexers                                         ; Auto               ; Auto               ;
; Create Debugging Nodes for IP Cores                              ; Off                ; Off                ;
; Preserve fewer node names                                        ; On                 ; On                 ;
; Intel FPGA IP Evaluation Mode                                    ; Enable             ; Enable             ;
; Verilog Version                                                  ; Verilog_2001       ; Verilog_2001       ;
; VHDL Version                                                     ; VHDL_1993          ; VHDL_1993          ;
; State Machine Processing                                         ; Auto               ; Auto               ;
; Safe State Machine                                               ; Off                ; Off                ;
; Extract Verilog State Machines                                   ; On                 ; On                 ;
; Extract VHDL State Machines                                      ; On                 ; On                 ;
; Ignore Verilog initial constructs                                ; Off                ; Off                ;
; Iteration limit for constant Verilog loops                       ; 5000               ; 5000               ;
; Iteration limit for non-constant Verilog loops                   ; 250                ; 250                ;
; Add Pass-Through Logic to Inferred RAMs                          ; On                 ; On                 ;
; Infer RAMs from Raw Logic                                        ; On                 ; On                 ;
; Parallel Synthesis                                               ; On                 ; On                 ;
; DSP Block Balancing                                              ; Auto               ; Auto               ;
; NOT Gate Push-Back                                               ; On                 ; On                 ;
; Power-Up Don't Care                                              ; On                 ; On                 ;
; Remove Redundant Logic Cells                                     ; Off                ; Off                ;
; Remove Duplicate Registers                                       ; On                 ; On                 ;
; Ignore CARRY Buffers                                             ; Off                ; Off                ;
; Ignore CASCADE Buffers                                           ; Off                ; Off                ;
; Ignore GLOBAL Buffers                                            ; Off                ; Off                ;
; Ignore ROW GLOBAL Buffers                                        ; Off                ; Off                ;
; Ignore LCELL Buffers                                             ; Off                ; Off                ;
; Ignore SOFT Buffers                                              ; On                 ; On                 ;
; Limit AHDL Integers to 32 Bits                                   ; Off                ; Off                ;
; Optimization Technique                                           ; Balanced           ; Balanced           ;
; Carry Chain Length                                               ; 70                 ; 70                 ;
; Auto Carry Chains                                                ; On                 ; On                 ;
; Auto Open-Drain Pins                                             ; On                 ; On                 ;
; Perform WYSIWYG Primitive Resynthesis                            ; Off                ; Off                ;
; Auto ROM Replacement                                             ; On                 ; On                 ;
; Auto RAM Replacement                                             ; On                 ; On                 ;
; Auto DSP Block Replacement                                       ; On                 ; On                 ;
; Auto Shift Register Replacement                                  ; Auto               ; Auto               ;
; Allow Shift Register Merging across Hierarchies                  ; Auto               ; Auto               ;
; Auto Clock Enable Replacement                                    ; On                 ; On                 ;
; Strict RAM Replacement                                           ; Off                ; Off                ;
; Allow Synchronous Control Signals                                ; On                 ; On                 ;
; Force Use of Synchronous Clear Signals                           ; Off                ; Off                ;
; Auto RAM Block Balancing                                         ; On                 ; On                 ;
; Auto RAM to Logic Cell Conversion                                ; Off                ; Off                ;
; Auto Resource Sharing                                            ; Off                ; Off                ;
; Allow Any RAM Size For Recognition                               ; Off                ; Off                ;
; Allow Any ROM Size For Recognition                               ; Off                ; Off                ;
; Allow Any Shift Register Size For Recognition                    ; Off                ; Off                ;
; Use LogicLock Constraints during Resource Balancing              ; On                 ; On                 ;
; Ignore translate_off and synthesis_off directives                ; Off                ; Off                ;
; Timing-Driven Synthesis                                          ; On                 ; On                 ;
; Report Parameter Settings                                        ; On                 ; On                 ;
; Report Source Assignments                                        ; On                 ; On                 ;
; Report Connectivity Checks                                       ; On                 ; On                 ;
; Ignore Maximum Fan-Out Assignments                               ; Off                ; Off                ;
; Synchronization Register Chain Length                            ; 2                  ; 2                  ;
; Power Optimization During Synthesis                              ; Normal compilation ; Normal compilation ;
; HDL message level                                                ; Level2             ; Level2             ;
; Suppress Register Optimization Related Messages                  ; Off                ; Off                ;
; Number of Removed Registers Reported in Synthesis Report         ; 5000               ; 5000               ;
; Number of Swept Nodes Reported in Synthesis Report               ; 5000               ; 5000               ;
; Number of Inverted Registers Reported in Synthesis Report        ; 100                ; 100                ;
; Clock MUX Protection                                             ; On                 ; On                 ;
; Auto Gated Clock Conversion                                      ; Off                ; Off                ;
; Block Design Naming                                              ; Auto               ; Auto               ;
; SDC constraint protection                                        ; Off                ; Off                ;
; Synthesis Effort                                                 ; Auto               ; Auto               ;
; Shift Register Replacement - Allow Asynchronous Clear Signal     ; On                 ; On                 ;
; Pre-Mapping Resynthesis Optimization                             ; Off                ; Off                ;
; Analysis & Synthesis Message Level                               ; Medium             ; Medium             ;
; Disable Register Merging Across Hierarchies                      ; Auto               ; Auto               ;
; Resource Aware Inference For Block RAM                           ; On                 ; On                 ;
+------------------------------------------------------------------+--------------------+--------------------+


+------------------------------------------+
; Parallel Compilation                     ;
+----------------------------+-------------+
; Processors                 ; Number      ;
+----------------------------+-------------+
; Number detected on machine ; 6           ;
; Maximum allowed            ; 6           ;
;                            ;             ;
; Average used               ; 1.00        ;
; Maximum used               ; 1           ;
;                            ;             ;
; Usage by Processor         ; % Time Used ;
;     Processor 1            ; 100.0%      ;
+----------------------------+-------------+


+-------------------------------------------------------------------------------------------------------------------------------+
; Analysis & Synthesis IP Cores Summary                                                                                         ;
+--------+--------------+---------+--------------+--------------+---------------------------------------------+-----------------+
; Vendor ; IP Core Name ; Version ; Release Date ; License Type ; Entity Instance                             ; IP Include File ;
+--------+--------------+---------+--------------+--------------+---------------------------------------------+-----------------+
; Altera ; ALTPLL       ; 13.1    ; N/A          ; N/A          ; |skeleton|pll:div                           ; pll.v           ;
; Altera ; RAM: 1-PORT  ; 13.1    ; N/A          ; N/A          ; |skeleton|processor:myprocessor|dmem:mydmem ; dmem.v          ;
; Altera ; ROM: 1-PORT  ; 13.1    ; N/A          ; N/A          ; |skeleton|processor:myprocessor|imem:myimem ; imem.v          ;
+--------+--------------+---------+--------------+--------------+---------------------------------------------+-----------------+


+-------------------------------+
; Analysis & Synthesis Messages ;
+-------------------------------+
Info: *******************************************************************
Info: Running Quartus Prime Analysis & Synthesis
    Info: Version 18.0.0 Build 614 04/24/2018 SJ Lite Edition
    Info: Processing started: Fri Oct 20 11:14:23 2023
Info: Command: quartus_map --read_settings_files=on --write_settings_files=off skeleton -c skeleton
Warning (18236): Number of processors has not been specified which may cause overloading on shared machines.  Set the global assignment NUM_PARALLEL_PROCESSORS in your QSF to an appropriate value for best performance.
Info (20030): Parallel compilation is enabled and will use 6 of the 6 processors detected
Info (12021): Found 1 design units, including 1 entities, in source file vga_audio_pll.v
    Info (12023): Found entity 1: VGA_Audio_PLL File: //Mac/Home/Desktop/ECE550/Lab_5/VGA_Audio_PLL.v Line: 39
Info (12021): Found 1 design units, including 1 entities, in source file reset_delay.v
    Info (12023): Found entity 1: Reset_Delay File: //Mac/Home/Desktop/ECE550/Lab_5/Reset_Delay.v Line: 1
Info (12021): Found 2 design units, including 2 entities, in source file skeleton.v
    Info (12023): Found entity 1: print File: //Mac/Home/Desktop/ECE550/Lab_5/skeleton.v Line: 1
    Info (12023): Found entity 2: skeleton File: //Mac/Home/Desktop/ECE550/Lab_5/skeleton.v Line: 43
Info (12021): Found 1 design units, including 1 entities, in source file ps2_interface.v
    Info (12023): Found entity 1: PS2_Interface File: //Mac/Home/Desktop/ECE550/Lab_5/PS2_Interface.v Line: 1
Info (12021): Found 1 design units, including 1 entities, in source file ps2_controller.v
    Info (12023): Found entity 1: PS2_Controller File: //Mac/Home/Desktop/ECE550/Lab_5/PS2_Controller.v Line: 9
Info (12021): Found 1 design units, including 1 entities, in source file processor.v
    Info (12023): Found entity 1: processor File: //Mac/Home/Desktop/ECE550/Lab_5/processor.v Line: 1
Info (12021): Found 1 design units, including 1 entities, in source file pll.v
    Info (12023): Found entity 1: pll File: //Mac/Home/Desktop/ECE550/Lab_5/pll.v Line: 39
Info (12021): Found 1 design units, including 1 entities, in source file lcd.sv
    Info (12023): Found entity 1: lcd File: //Mac/Home/Desktop/ECE550/Lab_5/lcd.sv Line: 1
Info (12021): Found 1 design units, including 1 entities, in source file imem.v
    Info (12023): Found entity 1: imem File: //Mac/Home/Desktop/ECE550/Lab_5/imem.v Line: 39
Info (12021): Found 1 design units, including 1 entities, in source file hexadecimal_to_seven_segment.v
    Info (12023): Found entity 1: Hexadecimal_To_Seven_Segment File: //Mac/Home/Desktop/ECE550/Lab_5/Hexadecimal_To_Seven_Segment.v Line: 9
Info (12021): Found 1 design units, including 1 entities, in source file dmem.v
    Info (12023): Found entity 1: dmem File: //Mac/Home/Desktop/ECE550/Lab_5/dmem.v Line: 39
Info (12021): Found 1 design units, including 1 entities, in source file altera_up_ps2_data_in.v
    Info (12023): Found entity 1: Altera_UP_PS2_Data_In File: //Mac/Home/Desktop/ECE550/Lab_5/Altera_UP_PS2_Data_In.v Line: 10
Info (12021): Found 1 design units, including 1 entities, in source file altera_up_ps2_command_out.v
    Info (12023): Found entity 1: Altera_UP_PS2_Command_Out File: //Mac/Home/Desktop/ECE550/Lab_5/Altera_UP_PS2_Command_Out.v Line: 10
Info (12021): Found 1 design units, including 1 entities, in source file vga_controller.v
    Info (12023): Found entity 1: vga_controller File: //Mac/Home/Desktop/ECE550/Lab_5/vga_controller.v Line: 1
Info (12021): Found 1 design units, including 1 entities, in source file video_sync_generator.v
    Info (12023): Found entity 1: video_sync_generator File: //Mac/Home/Desktop/ECE550/Lab_5/video_sync_generator.v Line: 1
Info (12021): Found 1 design units, including 1 entities, in source file img_index.v
    Info (12023): Found entity 1: img_index File: //Mac/Home/Desktop/ECE550/Lab_5/img_index.v Line: 40
Info (12021): Found 1 design units, including 1 entities, in source file img_data.v
    Info (12023): Found entity 1: img_data File: //Mac/Home/Desktop/ECE550/Lab_5/img_data.v Line: 39
Warning (10236): Verilog HDL Implicit Net warning at skeleton.v(92): created implicit net for "inclock" File: //Mac/Home/Desktop/ECE550/Lab_5/skeleton.v Line: 92
Warning (10236): Verilog HDL Implicit Net warning at skeleton.v(127): created implicit net for "DLY_RST" File: //Mac/Home/Desktop/ECE550/Lab_5/skeleton.v Line: 127
Warning (10236): Verilog HDL Implicit Net warning at skeleton.v(128): created implicit net for "VGA_CTRL_CLK" File: //Mac/Home/Desktop/ECE550/Lab_5/skeleton.v Line: 128
Warning (10236): Verilog HDL Implicit Net warning at skeleton.v(128): created implicit net for "AUD_CTRL_CLK" File: //Mac/Home/Desktop/ECE550/Lab_5/skeleton.v Line: 128
Warning (10236): Verilog HDL Implicit Net warning at processor.v(29): created implicit net for "debug_data" File: //Mac/Home/Desktop/ECE550/Lab_5/processor.v Line: 29
Info (12127): Elaborating entity "skeleton" for the top level hierarchy
Warning (10034): Output port "VGA_SYNC" at skeleton.v(63) has no driver File: //Mac/Home/Desktop/ECE550/Lab_5/skeleton.v Line: 63
Info (12128): Elaborating entity "pll" for hierarchy "pll:div" File: //Mac/Home/Desktop/ECE550/Lab_5/skeleton.v Line: 92
Info (12128): Elaborating entity "altpll" for hierarchy "pll:div|altpll:altpll_component" File: //Mac/Home/Desktop/ECE550/Lab_5/pll.v Line: 90
Info (12130): Elaborated megafunction instantiation "pll:div|altpll:altpll_component" File: //Mac/Home/Desktop/ECE550/Lab_5/pll.v Line: 90
Info (12133): Instantiated megafunction "pll:div|altpll:altpll_component" with the following parameter: File: //Mac/Home/Desktop/ECE550/Lab_5/pll.v Line: 90
    Info (12134): Parameter "clk0_divide_by" = "5"
    Info (12134): Parameter "clk0_duty_cycle" = "50"
    Info (12134): Parameter "clk0_multiply_by" = "2"
    Info (12134): Parameter "clk0_phase_shift" = "0"
    Info (12134): Parameter "compensate_clock" = "CLK0"
    Info (12134): Parameter "inclk0_input_frequency" = "20000"
    Info (12134): Parameter "lpm_hint" = "CBX_MODULE_PREFIX=pll"
    Info (12134): Parameter "lpm_type" = "altpll"
    Info (12134): Parameter "operation_mode" = "NORMAL"
    Info (12134): Parameter "port_activeclock" = "PORT_UNUSED"
    Info (12134): Parameter "port_areset" = "PORT_UNUSED"
    Info (12134): Parameter "port_clkbad0" = "PORT_UNUSED"
    Info (12134): Parameter "port_clkbad1" = "PORT_UNUSED"
    Info (12134): Parameter "port_clkloss" = "PORT_UNUSED"
    Info (12134): Parameter "port_clkswitch" = "PORT_UNUSED"
    Info (12134): Parameter "port_configupdate" = "PORT_UNUSED"
    Info (12134): Parameter "port_fbin" = "PORT_UNUSED"
    Info (12134): Parameter "port_inclk0" = "PORT_USED"
    Info (12134): Parameter "port_inclk1" = "PORT_UNUSED"
    Info (12134): Parameter "port_locked" = "PORT_UNUSED"
    Info (12134): Parameter "port_pfdena" = "PORT_UNUSED"
    Info (12134): Parameter "port_phasecounterselect" = "PORT_UNUSED"
    Info (12134): Parameter "port_phasedone" = "PORT_UNUSED"
    Info (12134): Parameter "port_phasestep" = "PORT_UNUSED"
    Info (12134): Parameter "port_phaseupdown" = "PORT_UNUSED"
    Info (12134): Parameter "port_pllena" = "PORT_UNUSED"
    Info (12134): Parameter "port_scanaclr" = "PORT_UNUSED"
    Info (12134): Parameter "port_scanclk" = "PORT_UNUSED"
    Info (12134): Parameter "port_scanclkena" = "PORT_UNUSED"
    Info (12134): Parameter "port_scandata" = "PORT_UNUSED"
    Info (12134): Parameter "port_scandataout" = "PORT_UNUSED"
    Info (12134): Parameter "port_scandone" = "PORT_UNUSED"
    Info (12134): Parameter "port_scanread" = "PORT_UNUSED"
    Info (12134): Parameter "port_scanwrite" = "PORT_UNUSED"
    Info (12134): Parameter "port_clk0" = "PORT_USED"
    Info (12134): Parameter "port_clk1" = "PORT_UNUSED"
    Info (12134): Parameter "port_clk2" = "PORT_UNUSED"
    Info (12134): Parameter "port_clk3" = "PORT_UNUSED"
    Info (12134): Parameter "port_clk4" = "PORT_UNUSED"
    Info (12134): Parameter "port_clk5" = "PORT_UNUSED"
    Info (12134): Parameter "port_clkena0" = "PORT_UNUSED"
    Info (12134): Parameter "port_clkena1" = "PORT_UNUSED"
    Info (12134): Parameter "port_clkena2" = "PORT_UNUSED"
    Info (12134): Parameter "port_clkena3" = "PORT_UNUSED"
    Info (12134): Parameter "port_clkena4" = "PORT_UNUSED"
    Info (12134): Parameter "port_clkena5" = "PORT_UNUSED"
    Info (12134): Parameter "port_extclk0" = "PORT_UNUSED"
    Info (12134): Parameter "port_extclk1" = "PORT_UNUSED"
    Info (12134): Parameter "port_extclk2" = "PORT_UNUSED"
    Info (12134): Parameter "port_extclk3" = "PORT_UNUSED"
Info (12021): Found 1 design units, including 1 entities, in source file db/pll_altpll.v
    Info (12023): Found entity 1: pll_altpll File: //Mac/Home/Desktop/ECE550/Lab_5/db/pll_altpll.v Line: 29
Info (12128): Elaborating entity "pll_altpll" for hierarchy "pll:div|altpll:altpll_component|pll_altpll:auto_generated" File: c:/intelfpga_lite/18.0/quartus/libraries/megafunctions/altpll.tdf Line: 897
Info (12128): Elaborating entity "processor" for hierarchy "processor:myprocessor" File: //Mac/Home/Desktop/ECE550/Lab_5/skeleton.v Line: 99
Info (12128): Elaborating entity "dmem" for hierarchy "processor:myprocessor|dmem:mydmem" File: //Mac/Home/Desktop/ECE550/Lab_5/processor.v Line: 32
Info (12128): Elaborating entity "altsyncram" for hierarchy "processor:myprocessor|dmem:mydmem|altsyncram:altsyncram_component" File: //Mac/Home/Desktop/ECE550/Lab_5/dmem.v Line: 85
Info (12130): Elaborated megafunction instantiation "processor:myprocessor|dmem:mydmem|altsyncram:altsyncram_component" File: //Mac/Home/Desktop/ECE550/Lab_5/dmem.v Line: 85
Info (12133): Instantiated megafunction "processor:myprocessor|dmem:mydmem|altsyncram:altsyncram_component" with the following parameter: File: //Mac/Home/Desktop/ECE550/Lab_5/dmem.v Line: 85
    Info (12134): Parameter "clock_enable_input_a" = "NORMAL"
    Info (12134): Parameter "clock_enable_output_a" = "BYPASS"
    Info (12134): Parameter "init_file" = "dmem.mif"
    Info (12134): Parameter "intended_device_family" = "Cyclone IV E"
    Info (12134): Parameter "lpm_hint" = "ENABLE_RUNTIME_MOD=NO"
    Info (12134): Parameter "lpm_type" = "altsyncram"
    Info (12134): Parameter "numwords_a" = "4096"
    Info (12134): Parameter "operation_mode" = "SINGLE_PORT"
    Info (12134): Parameter "outdata_aclr_a" = "NONE"
    Info (12134): Parameter "outdata_reg_a" = "UNREGISTERED"
    Info (12134): Parameter "power_up_uninitialized" = "FALSE"
    Info (12134): Parameter "widthad_a" = "12"
    Info (12134): Parameter "width_a" = "32"
    Info (12134): Parameter "width_byteena_a" = "1"
Info (12021): Found 1 design units, including 1 entities, in source file db/altsyncram_8vc1.tdf
    Info (12023): Found entity 1: altsyncram_8vc1 File: //Mac/Home/Desktop/ECE550/Lab_5/db/altsyncram_8vc1.tdf Line: 27
Info (12128): Elaborating entity "altsyncram_8vc1" for hierarchy "processor:myprocessor|dmem:mydmem|altsyncram:altsyncram_component|altsyncram_8vc1:auto_generated" File: c:/intelfpga_lite/18.0/quartus/libraries/megafunctions/altsyncram.tdf Line: 791
Info (12128): Elaborating entity "imem" for hierarchy "processor:myprocessor|imem:myimem" File: //Mac/Home/Desktop/ECE550/Lab_5/processor.v Line: 38
Info (12128): Elaborating entity "altsyncram" for hierarchy "processor:myprocessor|imem:myimem|altsyncram:altsyncram_component" File: //Mac/Home/Desktop/ECE550/Lab_5/imem.v Line: 84
Info (12130): Elaborated megafunction instantiation "processor:myprocessor|imem:myimem|altsyncram:altsyncram_component" File: //Mac/Home/Desktop/ECE550/Lab_5/imem.v Line: 84
Info (12133): Instantiated megafunction "processor:myprocessor|imem:myimem|altsyncram:altsyncram_component" with the following parameter: File: //Mac/Home/Desktop/ECE550/Lab_5/imem.v Line: 84
    Info (12134): Parameter "clock_enable_input_a" = "BYPASS"
    Info (12134): Parameter "clock_enable_output_a" = "BYPASS"
    Info (12134): Parameter "init_file" = "imem.mif"
    Info (12134): Parameter "intended_device_family" = "Cyclone IV"
    Info (12134): Parameter "lpm_hint" = "ENABLE_RUNTIME_MOD=NO"
    Info (12134): Parameter "lpm_type" = "altsyncram"
    Info (12134): Parameter "numwords_a" = "4096"
    Info (12134): Parameter "operation_mode" = "ROM"
    Info (12134): Parameter "outdata_aclr_a" = "NONE"
    Info (12134): Parameter "outdata_reg_a" = "UNREGISTERED"
    Info (12134): Parameter "widthad_a" = "12"
    Info (12134): Parameter "width_a" = "32"
    Info (12134): Parameter "width_byteena_a" = "1"
Info (12021): Found 1 design units, including 1 entities, in source file db/altsyncram_2m81.tdf
    Info (12023): Found entity 1: altsyncram_2m81 File: //Mac/Home/Desktop/ECE550/Lab_5/db/altsyncram_2m81.tdf Line: 27
Info (12128): Elaborating entity "altsyncram_2m81" for hierarchy "processor:myprocessor|imem:myimem|altsyncram:altsyncram_component|altsyncram_2m81:auto_generated" File: c:/intelfpga_lite/18.0/quartus/libraries/megafunctions/altsyncram.tdf Line: 791
Warning (287013): Variable or input pin "clocken0" is defined but never used. File: //Mac/Home/Desktop/ECE550/Lab_5/db/altsyncram_2m81.tdf Line: 31
Info (12128): Elaborating entity "PS2_Interface" for hierarchy "PS2_Interface:myps2" File: //Mac/Home/Desktop/ECE550/Lab_5/skeleton.v Line: 102
Info (12128): Elaborating entity "PS2_Controller" for hierarchy "PS2_Interface:myps2|PS2_Controller:PS2" File: //Mac/Home/Desktop/ECE550/Lab_5/PS2_Interface.v Line: 26
Info (12128): Elaborating entity "Altera_UP_PS2_Data_In" for hierarchy "PS2_Interface:myps2|PS2_Controller:PS2|Altera_UP_PS2_Data_In:PS2_Data_In" File: //Mac/Home/Desktop/ECE550/Lab_5/PS2_Controller.v Line: 248
Info (12128): Elaborating entity "Altera_UP_PS2_Command_Out" for hierarchy "PS2_Interface:myps2|PS2_Controller:PS2|Altera_UP_PS2_Command_Out:PS2_Command_Out" File: //Mac/Home/Desktop/ECE550/Lab_5/PS2_Controller.v Line: 268
Info (12128): Elaborating entity "print" for hierarchy "print:pt" File: //Mac/Home/Desktop/ECE550/Lab_5/skeleton.v Line: 106
Info (12128): Elaborating entity "lcd" for hierarchy "lcd:mylcd" File: //Mac/Home/Desktop/ECE550/Lab_5/skeleton.v Line: 109
Info (12128): Elaborating entity "Hexadecimal_To_Seven_Segment" for hierarchy "Hexadecimal_To_Seven_Segment:hex1" File: //Mac/Home/Desktop/ECE550/Lab_5/skeleton.v Line: 112
Info (12128): Elaborating entity "Reset_Delay" for hierarchy "Reset_Delay:r0" File: //Mac/Home/Desktop/ECE550/Lab_5/skeleton.v Line: 127
Warning (10230): Verilog HDL assignment warning at Reset_Delay.v(10): truncated value with size 32 to match size of target (20) File: //Mac/Home/Desktop/ECE550/Lab_5/Reset_Delay.v Line: 10
Info (12128): Elaborating entity "VGA_Audio_PLL" for hierarchy "VGA_Audio_PLL:p1" File: //Mac/Home/Desktop/ECE550/Lab_5/skeleton.v Line: 128
Info (12128): Elaborating entity "altpll" for hierarchy "VGA_Audio_PLL:p1|altpll:altpll_component" File: //Mac/Home/Desktop/ECE550/Lab_5/VGA_Audio_PLL.v Line: 107
Info (12130): Elaborated megafunction instantiation "VGA_Audio_PLL:p1|altpll:altpll_component" File: //Mac/Home/Desktop/ECE550/Lab_5/VGA_Audio_PLL.v Line: 107
Info (12133): Instantiated megafunction "VGA_Audio_PLL:p1|altpll:altpll_component" with the following parameter: File: //Mac/Home/Desktop/ECE550/Lab_5/VGA_Audio_PLL.v Line: 107
    Info (12134): Parameter "clk0_divide_by" = "2"
    Info (12134): Parameter "clk0_duty_cycle" = "50"
    Info (12134): Parameter "clk0_multiply_by" = "1"
    Info (12134): Parameter "clk0_phase_shift" = "0"
    Info (12134): Parameter "clk1_divide_by" = "500"
    Info (12134): Parameter "clk1_duty_cycle" = "50"
    Info (12134): Parameter "clk1_multiply_by" = "181"
    Info (12134): Parameter "clk1_phase_shift" = "0"
    Info (12134): Parameter "clk2_divide_by" = "2"
    Info (12134): Parameter "clk2_duty_cycle" = "50"
    Info (12134): Parameter "clk2_multiply_by" = "1"
    Info (12134): Parameter "clk2_phase_shift" = "0"
    Info (12134): Parameter "compensate_clock" = "CLK0"
    Info (12134): Parameter "inclk0_input_frequency" = "20000"
    Info (12134): Parameter "intended_device_family" = "Cyclone II"
    Info (12134): Parameter "lpm_type" = "altpll"
    Info (12134): Parameter "operation_mode" = "NORMAL"
    Info (12134): Parameter "port_activeclock" = "PORT_UNUSED"
    Info (12134): Parameter "port_areset" = "PORT_USED"
    Info (12134): Parameter "port_clkbad0" = "PORT_UNUSED"
    Info (12134): Parameter "port_clkbad1" = "PORT_UNUSED"
    Info (12134): Parameter "port_clkloss" = "PORT_UNUSED"
    Info (12134): Parameter "port_clkswitch" = "PORT_UNUSED"
    Info (12134): Parameter "port_configupdate" = "PORT_UNUSED"
    Info (12134): Parameter "port_fbin" = "PORT_UNUSED"
    Info (12134): Parameter "port_inclk0" = "PORT_USED"
    Info (12134): Parameter "port_inclk1" = "PORT_UNUSED"
    Info (12134): Parameter "port_locked" = "PORT_UNUSED"
    Info (12134): Parameter "port_pfdena" = "PORT_UNUSED"
    Info (12134): Parameter "port_phasecounterselect" = "PORT_UNUSED"
    Info (12134): Parameter "port_phasedone" = "PORT_UNUSED"
    Info (12134): Parameter "port_phasestep" = "PORT_UNUSED"
    Info (12134): Parameter "port_phaseupdown" = "PORT_UNUSED"
    Info (12134): Parameter "port_pllena" = "PORT_UNUSED"
    Info (12134): Parameter "port_scanaclr" = "PORT_UNUSED"
    Info (12134): Parameter "port_scanclk" = "PORT_UNUSED"
    Info (12134): Parameter "port_scanclkena" = "PORT_UNUSED"
    Info (12134): Parameter "port_scandata" = "PORT_UNUSED"
    Info (12134): Parameter "port_scandataout" = "PORT_UNUSED"
    Info (12134): Parameter "port_scandone" = "PORT_UNUSED"
    Info (12134): Parameter "port_scanread" = "PORT_UNUSED"
    Info (12134): Parameter "port_scanwrite" = "PORT_UNUSED"
    Info (12134): Parameter "port_clk0" = "PORT_USED"
    Info (12134): Parameter "port_clk1" = "PORT_USED"
    Info (12134): Parameter "port_clk2" = "PORT_USED"
    Info (12134): Parameter "port_clk3" = "PORT_UNUSED"
    Info (12134): Parameter "port_clk4" = "PORT_UNUSED"
    Info (12134): Parameter "port_clk5" = "PORT_UNUSED"
    Info (12134): Parameter "port_clkena0" = "PORT_UNUSED"
    Info (12134): Parameter "port_clkena1" = "PORT_UNUSED"
    Info (12134): Parameter "port_clkena2" = "PORT_UNUSED"
    Info (12134): Parameter "port_clkena3" = "PORT_UNUSED"
    Info (12134): Parameter "port_clkena4" = "PORT_UNUSED"
    Info (12134): Parameter "port_clkena5" = "PORT_UNUSED"
    Info (12134): Parameter "port_extclk0" = "PORT_UNUSED"
    Info (12134): Parameter "port_extclk1" = "PORT_UNUSED"
    Info (12134): Parameter "port_extclk2" = "PORT_UNUSED"
    Info (12134): Parameter "port_extclk3" = "PORT_UNUSED"
Info (12128): Elaborating entity "vga_controller" for hierarchy "vga_controller:vga_ins" File: //Mac/Home/Desktop/ECE550/Lab_5/skeleton.v Line: 136
Warning (10230): Verilog HDL assignment warning at vga_controller.v(42): truncated value with size 32 to match size of target (19) File: //Mac/Home/Desktop/ECE550/Lab_5/vga_controller.v Line: 42
Info (12128): Elaborating entity "video_sync_generator" for hierarchy "vga_controller:vga_ins|video_sync_generator:LTM_ins" File: //Mac/Home/Desktop/ECE550/Lab_5/vga_controller.v Line: 32
Warning (10230): Verilog HDL assignment warning at video_sync_generator.v(77): truncated value with size 32 to match size of target (10) File: //Mac/Home/Desktop/ECE550/Lab_5/video_sync_generator.v Line: 77
Warning (10230): Verilog HDL assignment warning at video_sync_generator.v(80): truncated value with size 32 to match size of target (11) File: //Mac/Home/Desktop/ECE550/Lab_5/video_sync_generator.v Line: 80
Info (12128): Elaborating entity "img_data" for hierarchy "vga_controller:vga_ins|img_data:img_data_inst" File: //Mac/Home/Desktop/ECE550/Lab_5/vga_controller.v Line: 51
Info (12128): Elaborating entity "altsyncram" for hierarchy "vga_controller:vga_ins|img_data:img_data_inst|altsyncram:altsyncram_component" File: //Mac/Home/Desktop/ECE550/Lab_5/img_data.v Line: 81
Info (12130): Elaborated megafunction instantiation "vga_controller:vga_ins|img_data:img_data_inst|altsyncram:altsyncram_component" File: //Mac/Home/Desktop/ECE550/Lab_5/img_data.v Line: 81
Info (12133): Instantiated megafunction "vga_controller:vga_ins|img_data:img_data_inst|altsyncram:altsyncram_component" with the following parameter: File: //Mac/Home/Desktop/ECE550/Lab_5/img_data.v Line: 81
    Info (12134): Parameter "address_aclr_a" = "NONE"
    Info (12134): Parameter "clock_enable_input_a" = "BYPASS"
    Info (12134): Parameter "clock_enable_output_a" = "BYPASS"
    Info (12134): Parameter "init_file" = "img_data_logo.mif"
    Info (12134): Parameter "intended_device_family" = "Cyclone IV E"
    Info (12134): Parameter "lpm_hint" = "ENABLE_RUNTIME_MOD=NO"
    Info (12134): Parameter "lpm_type" = "altsyncram"
    Info (12134): Parameter "numwords_a" = "307200"
    Info (12134): Parameter "operation_mode" = "ROM"
    Info (12134): Parameter "outdata_aclr_a" = "NONE"
    Info (12134): Parameter "outdata_reg_a" = "UNREGISTERED"
    Info (12134): Parameter "ram_block_type" = "M9K"
    Info (12134): Parameter "widthad_a" = "19"
    Info (12134): Parameter "width_a" = "8"
    Info (12134): Parameter "width_byteena_a" = "1"
Info (12021): Found 1 design units, including 1 entities, in source file db/altsyncram_pmc1.tdf
    Info (12023): Found entity 1: altsyncram_pmc1 File: //Mac/Home/Desktop/ECE550/Lab_5/db/altsyncram_pmc1.tdf Line: 31
Info (12128): Elaborating entity "altsyncram_pmc1" for hierarchy "vga_controller:vga_ins|img_data:img_data_inst|altsyncram:altsyncram_component|altsyncram_pmc1:auto_generated" File: c:/intelfpga_lite/18.0/quartus/libraries/megafunctions/altsyncram.tdf Line: 791
Error (127001): Can't find Memory Initialization File or Hexadecimal (Intel-Format) File //Mac/Home/Desktop/ECE550/Lab_5/img_data_logo.mif for ROM instance ALTSYNCRAM File: //Mac/Home/Desktop/ECE550/Lab_5/img_data.v Line: 81
Error (12152): Can't elaborate user hierarchy "vga_controller:vga_ins|img_data:img_data_inst|altsyncram:altsyncram_component|altsyncram_pmc1:auto_generated" File: c:/intelfpga_lite/18.0/quartus/libraries/megafunctions/altsyncram.tdf Line: 791
Error: Quartus Prime Analysis & Synthesis was unsuccessful. 2 errors, 12 warnings
    Error: Peak virtual memory: 4754 megabytes
    Error: Processing ended: Fri Oct 20 11:14:39 2023
    Error: Elapsed time: 00:00:16
    Error: Total CPU time (on all processors): 00:00:28


